<?xml version='1.0' encoding='UTF-8' ?>
<testsuite name="ru.netology.testing.uiautomator.ChangeTextTest" tests="2" failures="2" errors="0" skipped="0" time="31.06" timestamp="2026-03-26T12:49:07" hostname="localhost">
  <properties>
    <property name="device" value="SM-S938B - 16" />
    <property name="flavor" value="" />
    <property name="project" value=":app" />
  </properties>
  <testcase name="testInternetSettings" classname="ru.netology.testing.uiautomator.ChangeTextTest" time="22.72">
    <failure>androidx.test.uiautomator.UiObjectNotFoundException: UiSelector[INSTANCE=0, RESOURCE_ID=android:id/title]
at androidx.test.uiautomator.UiObject.click(UiObject.java:378)
at ru.netology.testing.uiautomator.ChangeTextTest.testInternetSettings(ChangeTextTest.kt:98)
</failure>
  </testcase>
  <testcase name="testChangeText" classname="ru.netology.testing.uiautomator.ChangeTextTest" time="7.753">
    <failure>java.lang.NullPointerException: Attempt to invoke virtual method 'void androidx.test.uiautomator.UiObject2.setText(java.lang.String)' on a null object reference
at ru.netology.testing.uiautomator.ChangeTextTest.testChangeText(ChangeTextTest.kt:106)
</failure>
  </testcase>
</testsuite>